<?xml version="1.0" encoding="UTF-8"?>
<Site BuildName="(empty)"
	BuildStamp="20240406-0448-Experimental"
	Name="(empty)"
	Generator="ctest-3.16.3"
	CompilerName=""
	CompilerVersion=""
	OSName="Linux"
	Hostname="sun-tzu"
	OSRelease="5.4.0-173-generic"
	OSVersion="#191-Ubuntu SMP Fri Feb 2 13:55:07 UTC 2024"
	OSPlatform="x86_64"
	Is64Bits="1"
	VendorString="GenuineIntel"
	VendorID="Intel Corporation"
	FamilyID="6"
	ModelID="94"
	ProcessorCacheSize="8192"
	NumberOfLogicalCPU="8"
	NumberOfPhysicalCPU="4"
	TotalVirtualMemory="3811"
	TotalPhysicalMemory="15888"
	LogicalProcessorsPerPhysical="2"
	ProcessorClockFrequency="3700.18"
	>
	<Testing>
		<StartDateTime>Apr 05 23:48 CDT</StartDateTime>
		<StartTestTime>1712378928</StartTestTime>
		<TestList/>
		<EndDateTime>Apr 05 23:48 CDT</EndDateTime>
		<EndTestTime>1712378928</EndTestTime>
		<ElapsedMinutes>0</ElapsedMinutes>
	</Testing>
</Site>
